Arguments: 
  /home/blacha/.config/n/bin/node /home/blacha/.config/n/bin/yarn init .

PATH: 
  /home/blacha/.go/bin:/home/blacha/.cargo/bin:/home/blacha/.local/bin:/home/blacha/.config/n/bin:/home/blacha/.bin:/home/blacha/.config:/home/blacha/.local/bin:/usr/local/sbin:/usr/local/bin:/usr/sbin:/usr/bin:/sbin:/bin:/usr/games:/usr/local/games:/snap/bin:/snap/bin

Yarn version: 
  1.22.10

Node version: 
  16.8.0

Platform: 
  linux x64

Trace: 
  Error: canceled
      at Interface.<anonymous> (/home/blacha/.config/n/lib/node_modules/yarn/lib/cli.js:136216:13)
      at Interface.emit (node:events:394:28)
      at Interface._ttyWrite (node:readline:1081:16)
      at ReadStream.onkeypress (node:readline:288:10)
      at ReadStream.emit (node:events:394:28)
      at emitKeys (node:internal/readline/utils:358:14)
      at emitKeys.next (<anonymous>)
      at ReadStream.onData (node:internal/readline/emitKeypressEvents:61:36)
      at ReadStream.emit (node:events:394:28)
      at addChunk (node:internal/streams/readable:315:12)

npm manifest: 
  No manifest

yarn manifest: 
  No manifest

Lockfile: 
  No lockfile
